<?xml version="1.0" encoding="UTF-8"?>
<!-- Generated by org.testng.reporters.JUnitXMLReporter -->
<testsuite hostname="LAPTOP-N3RJIT36" name="Command line test" tests="8" failures="0" timestamp="5 Jul 2017 09:36:10 GMT" time="0.026" errors="0">
  <testcase name="@BeforeTest initDriver" time="0.0" classname="com.javacodegeeks.testng.selenium.TestNGSeleniumBrowserCfgExample">
    <failure type="org.testng.TestNGException" message="
Parameter &amp;apos;browser&amp;apos; is required by @Configuration on method initDriver but has not been marked @Optional or defined
">
      <![CDATA[org.testng.TestNGException: 
Parameter 'browser' is required by @Configuration on method initDriver but has not been marked @Optional or defined

... Removed 29 stack frames]]>
    </failure>
  </testcase> <!-- @BeforeTest initDriver -->
  <testcase name="@BeforeClass springTestContextBeforeTestClass" time="0.0" classname="com.javacodegeeks.testng.selenium.TestNGSeleniumDependentMethodExample">
    <skipped/>
  </testcase> <!-- @BeforeClass springTestContextBeforeTestClass -->
  <testcase name="@BeforeClass springTestContextPrepareTestInstance" time="0.0" classname="com.javacodegeeks.testng.selenium.TestNGSeleniumDependentMethodExample">
    <skipped/>
  </testcase> <!-- @BeforeClass springTestContextPrepareTestInstance -->
  <testcase name="@BeforeClass printBrowserUsed" time="0.0" classname="com.javacodegeeks.testng.selenium.TestNGSeleniumDependentMethodExample">
    <skipped/>
  </testcase> <!-- @BeforeClass printBrowserUsed -->
  <testcase name="@BeforeMethod springTestContextBeforeTestMethod" time="0.0" classname="com.javacodegeeks.testng.selenium.TestNGSeleniumDependentMethodExample">
    <skipped/>
  </testcase> <!-- @BeforeMethod springTestContextBeforeTestMethod -->
  <testcase name="@BeforeClass springTestContextBeforeTestClass" time="0.0" classname="com.javacodegeeks.testng.selenium.TestNGSeleniumDriverInjectionExample">
    <skipped/>
  </testcase> <!-- @BeforeClass springTestContextBeforeTestClass -->
  <testcase name="@BeforeClass springTestContextPrepareTestInstance" time="0.0" classname="com.javacodegeeks.testng.selenium.TestNGSeleniumDriverInjectionExample">
    <skipped/>
  </testcase> <!-- @BeforeClass springTestContextPrepareTestInstance -->
  <testcase name="@BeforeClass printBrowserUsed" time="0.0" classname="com.javacodegeeks.testng.selenium.TestNGSeleniumDriverInjectionExample">
    <skipped/>
  </testcase> <!-- @BeforeClass printBrowserUsed -->
  <testcase name="@BeforeMethod springTestContextBeforeTestMethod" time="0.0" classname="com.javacodegeeks.testng.selenium.TestNGSeleniumDriverInjectionExample">
    <skipped/>
  </testcase> <!-- @BeforeMethod springTestContextBeforeTestMethod -->
  <testcase name="@BeforeClass springTestContextBeforeTestClass" time="0.0" classname="com.javacodegeeks.testng.selenium.TestNGSeleniumDataDrivenSearchExample">
    <skipped/>
  </testcase> <!-- @BeforeClass springTestContextBeforeTestClass -->
  <testcase name="@BeforeClass springTestContextPrepareTestInstance" time="0.0" classname="com.javacodegeeks.testng.selenium.TestNGSeleniumDataDrivenSearchExample">
    <skipped/>
  </testcase> <!-- @BeforeClass springTestContextPrepareTestInstance -->
  <testcase name="@BeforeClass printBrowserUsed" time="0.0" classname="com.javacodegeeks.testng.selenium.TestNGSeleniumDataDrivenSearchExample">
    <skipped/>
  </testcase> <!-- @BeforeClass printBrowserUsed -->
  <testcase name="@BeforeMethod springTestContextBeforeTestMethod" time="0.0" classname="com.javacodegeeks.testng.selenium.TestNGSeleniumDataDrivenSearchExample">
    <skipped/>
  </testcase> <!-- @BeforeMethod springTestContextBeforeTestMethod -->
  <testcase name="@BeforeMethod springTestContextBeforeTestMethod" time="0.0" classname="com.javacodegeeks.testng.selenium.TestNGSeleniumDataDrivenSearchExample">
    <skipped/>
  </testcase> <!-- @BeforeMethod springTestContextBeforeTestMethod -->
  <testcase name="@AfterTest quitDriver" time="0.0" classname="com.javacodegeeks.testng.selenium.TestNGSeleniumBrowserCfgExample">
    <skipped/>
  </testcase> <!-- @AfterTest quitDriver -->
  <testcase name="searchTestNGInJCG" time="0.001" classname="com.javacodegeeks.testng.selenium.TestNGSeleniumDependentMethodExample">
    <skipped/>
  </testcase> <!-- searchTestNGInJCG -->
  <testcase name="searchTestNGInGoogle" time="0.0" classname="com.javacodegeeks.testng.selenium.TestNGSeleniumSimpleSearchExample">
    <skipped/>
  </testcase> <!-- searchTestNGInGoogle -->
  <testcase name="searchGoogle" time="0.001" classname="com.javacodegeeks.testng.selenium.TestNGSeleniumDriverInjectionExample">
    <skipped/>
  </testcase> <!-- searchGoogle -->
  <testcase name="searchGoogle" time="0.0" classname="com.javacodegeeks.testng.selenium.TestNGSeleniumDataDrivenSearchExample">
    <skipped/>
  </testcase> <!-- searchGoogle -->
  <testcase name="searchGoogle" time="0.0" classname="com.javacodegeeks.testng.selenium.TestNGSeleniumDataDrivenSearchExample">
    <skipped/>
  </testcase> <!-- searchGoogle -->
  <testcase name="searchGoogle" time="0.0" classname="com.javacodegeeks.testng.selenium.TestNGSeleniumBrowserCfgExample">
    <skipped/>
  </testcase> <!-- searchGoogle -->
  <testcase name="searchGoogle" time="0.0" classname="com.javacodegeeks.testng.selenium.TestNGSeleniumBrowserCfgExample">
    <skipped/>
  </testcase> <!-- searchGoogle -->
  <testcase name="clickOnJCGTestNGArticle" time="0.0" classname="com.javacodegeeks.testng.selenium.TestNGSeleniumDependentMethodExample">
    <skipped/>
  </testcase> <!-- clickOnJCGTestNGArticle -->
</testsuite> <!-- Command line test -->
