<?xml version="1.0" encoding="UTF-8" ?>
<testsuite tests="27" failures="1" name="TestSuite" time="43.936" errors="0" skipped="26">
  <properties>
    <property name="java.runtime.name" value="Java(TM) SE Runtime Environment"/>
    <property name="sun.boot.library.path" value="C:\Program Files\Java\jdk1.8.0_131\jre\bin"/>
    <property name="java.vm.version" value="25.131-b11"/>
    <property name="java.vm.vendor" value="Oracle Corporation"/>
    <property name="maven.multiModuleProjectDirectory" value="C:\Users\shwetha\Documents\Software\testNGSelenium"/>
    <property name="java.vendor.url" value="http://java.oracle.com/"/>
    <property name="path.separator" value=";"/>
    <property name="guice.disable.misplaced.annotation.check" value="true"/>
    <property name="java.vm.name" value="Java HotSpot(TM) 64-Bit Server VM"/>
    <property name="file.encoding.pkg" value="sun.io"/>
    <property name="user.script" value=""/>
    <property name="user.country" value="US"/>
    <property name="sun.java.launcher" value="SUN_STANDARD"/>
    <property name="sun.os.patch.level" value=""/>
    <property name="java.vm.specification.name" value="Java Virtual Machine Specification"/>
    <property name="user.dir" value="C:\Users\shwetha\Documents\Software\testNGSelenium"/>
    <property name="java.runtime.version" value="1.8.0_131-b11"/>
    <property name="java.awt.graphicsenv" value="sun.awt.Win32GraphicsEnvironment"/>
    <property name="java.endorsed.dirs" value="C:\Program Files\Java\jdk1.8.0_131\jre\lib\endorsed"/>
    <property name="os.arch" value="amd64"/>
    <property name="java.io.tmpdir" value="C:\Users\shwetha\AppData\Local\Temp\"/>
    <property name="line.separator" value="
"/>
    <property name="java.vm.specification.vendor" value="Oracle Corporation"/>
    <property name="user.variant" value=""/>
    <property name="os.name" value="Windows 10"/>
    <property name="classworlds.conf" value="C:\Users\shwetha\workspace\.metadata\.plugins\org.eclipse.m2e.launching\launches\m2conf1243184051976803375.tmp"/>
    <property name="sun.jnu.encoding" value="Cp1252"/>
    <property name="java.library.path" value="C:\Program Files\Java\jdk1.8.0_131\bin;C:\WINDOWS\Sun\Java\bin;C:\WINDOWS\system32;C:\WINDOWS;C:/Program Files/Java/jre1.8.0_131/bin/server;C:/Program Files/Java/jre1.8.0_131/bin;C:/Program Files/Java/jre1.8.0_131/lib/amd64;C:\ProgramData\Oracle\Java\javapath;C:\Program Files (x86)\Intel\iCLS Client\;C:\Program Files\Intel\iCLS Client\;C:\WINDOWS\system32;C:\WINDOWS;C:\WINDOWS\System32\Wbem;C:\WINDOWS\System32\WindowsPowerShell\v1.0\;C:\Program Files (x86)\Intel\Intel(R) Management Engine Components\DAL;C:\Program Files\Intel\Intel(R) Management Engine Components\DAL;C:\Program Files (x86)\Intel\Intel(R) Management Engine Components\IPT;C:\Program Files\Intel\Intel(R) Management Engine Components\IPT;C:\Users\shwetha\AppData\Local\Microsoft\WindowsApps;;C:\Users\shwetha\Documents\Software\eclipse;;."/>
    <property name="java.specification.name" value="Java Platform API Specification"/>
    <property name="java.class.version" value="52.0"/>
    <property name="sun.management.compiler" value="HotSpot 64-Bit Tiered Compilers"/>
    <property name="os.version" value="10.0"/>
    <property name="user.home" value="C:\Users\shwetha"/>
    <property name="user.timezone" value="America/Los_Angeles"/>
    <property name="java.awt.printerjob" value="sun.awt.windows.WPrinterJob"/>
    <property name="java.specification.version" value="1.8"/>
    <property name="file.encoding" value="Cp1252"/>
    <property name="user.name" value="shwetha"/>
    <property name="java.class.path" value="/C:/Users/shwetha/Documents/Software/eclipse/plugins/org.eclipse.m2e.maven.runtime_1.7.0.20160603-1931/jars/plexus-classworlds-2.5.2.jar"/>
    <property name="java.vm.specification.version" value="1.8"/>
    <property name="sun.arch.data.model" value="64"/>
    <property name="java.home" value="C:\Program Files\Java\jdk1.8.0_131\jre"/>
    <property name="sun.java.command" value="org.codehaus.plexus.classworlds.launcher.Launcher -B install"/>
    <property name="java.specification.vendor" value="Oracle Corporation"/>
    <property name="user.language" value="en"/>
    <property name="awt.toolkit" value="sun.awt.windows.WToolkit"/>
    <property name="java.vm.info" value="mixed mode"/>
    <property name="java.version" value="1.8.0_131"/>
    <property name="java.ext.dirs" value="C:\Program Files\Java\jdk1.8.0_131\jre\lib\ext;C:\WINDOWS\Sun\Java\lib\ext"/>
    <property name="sun.boot.class.path" value="C:\Program Files\Java\jdk1.8.0_131\jre\lib\resources.jar;C:\Program Files\Java\jdk1.8.0_131\jre\lib\rt.jar;C:\Program Files\Java\jdk1.8.0_131\jre\lib\sunrsasign.jar;C:\Program Files\Java\jdk1.8.0_131\jre\lib\jsse.jar;C:\Program Files\Java\jdk1.8.0_131\jre\lib\jce.jar;C:\Program Files\Java\jdk1.8.0_131\jre\lib\charsets.jar;C:\Program Files\Java\jdk1.8.0_131\jre\lib\jfr.jar;C:\Program Files\Java\jdk1.8.0_131\jre\classes"/>
    <property name="java.vendor" value="Oracle Corporation"/>
    <property name="maven.home" value="C:\Users\shwetha\Documents\Software\testNGSelenium\EMBEDDED"/>
    <property name="file.separator" value="\"/>
    <property name="java.vendor.url.bug" value="http://bugreport.sun.com/bugreport/"/>
    <property name="sun.cpu.endian" value="little"/>
    <property name="sun.io.unicode.encoding" value="UnicodeLittle"/>
    <property name="sun.desktop" value="windows"/>
    <property name="sun.cpu.isalist" value="amd64"/>
  </properties>
  <testcase classname="com.javacodegeeks.testng.selenium.TestNGSeleniumBrowserCfgExample" name="initDriver" time="8.763">
    <failure message="
Parameter &apos;browser&apos; is required by @Configuration on method initDriver but has not been marked @Optional or defined
" type="org.testng.TestNGException">org.testng.TestNGException: 
Parameter &apos;browser&apos; is required by @Configuration on method initDriver but has not been marked @Optional or defined

	at org.testng.internal.Parameters.createParameters(Parameters.java:155)
	at org.testng.internal.Parameters.createParameters(Parameters.java:358)
	at org.testng.internal.Parameters.createConfigurationParameters(Parameters.java:86)
	at org.testng.internal.Invoker.invokeConfigurations(Invoker.java:199)
	at org.testng.internal.Invoker.invokeConfigurations(Invoker.java:138)
	at org.testng.TestRunner.beforeRun(TestRunner.java:641)
	at org.testng.TestRunner.run(TestRunner.java:609)
	at org.testng.SuiteRunner.runTest(SuiteRunner.java:348)
	at org.testng.SuiteRunner.runSequentially(SuiteRunner.java:343)
	at org.testng.SuiteRunner.privateRun(SuiteRunner.java:305)
	at org.testng.SuiteRunner.run(SuiteRunner.java:254)
	at org.testng.SuiteRunnerWorker.runSuite(SuiteRunnerWorker.java:52)
	at org.testng.SuiteRunnerWorker.run(SuiteRunnerWorker.java:86)
	at org.testng.TestNG.runSuitesSequentially(TestNG.java:1224)
	at org.testng.TestNG.runSuitesLocally(TestNG.java:1149)
	at org.testng.TestNG.run(TestNG.java:1057)
	at org.apache.maven.surefire.testng.TestNGExecutor.run(TestNGExecutor.java:77)
	at org.apache.maven.surefire.testng.TestNGDirectoryTestSuite.executeMulti(TestNGDirectoryTestSuite.java:159)
	at org.apache.maven.surefire.testng.TestNGDirectoryTestSuite.execute(TestNGDirectoryTestSuite.java:99)
	at org.apache.maven.surefire.testng.TestNGProvider.invoke(TestNGProvider.java:106)
	at sun.reflect.NativeMethodAccessorImpl.invoke0(Native Method)
	at sun.reflect.NativeMethodAccessorImpl.invoke(NativeMethodAccessorImpl.java:62)
	at sun.reflect.DelegatingMethodAccessorImpl.invoke(DelegatingMethodAccessorImpl.java:43)
	at java.lang.reflect.Method.invoke(Method.java:498)
	at org.apache.maven.surefire.util.ReflectionUtils.invokeMethodWithArray(ReflectionUtils.java:189)
	at org.apache.maven.surefire.booter.ProviderFactory$ProviderProxy.invoke(ProviderFactory.java:165)
	at org.apache.maven.surefire.booter.ProviderFactory.invokeProvider(ProviderFactory.java:85)
	at org.apache.maven.surefire.booter.ForkedBooter.runSuitesInProcess(ForkedBooter.java:115)
	at org.apache.maven.surefire.booter.ForkedBooter.main(ForkedBooter.java:75)
</failure>
    <system-out>Configuring TestNG with: org.apache.maven.surefire.testng.conf.TestNG652Configurator@1996cd68
You are testing in firefox
</system-out>
    <system-err>Jul 05, 2017 2:36:01 AM org.springframework.test.context.support.DefaultTestContextBootstrapper instantiateListeners
INFO: Could not instantiate TestExecutionListener [org.springframework.test.context.web.ServletTestExecutionListener]. Specify custom listener classes or make the default listener classes (and their required dependencies) available. Offending class: [javax/servlet/ServletContext]
Jul 05, 2017 2:36:01 AM org.springframework.test.context.support.DefaultTestContextBootstrapper getTestExecutionListeners
INFO: Using TestExecutionListeners: [org.springframework.test.context.support.DependencyInjectionTestExecutionListener@eec5a4a, org.springframework.test.context.support.DirtiesContextTestExecutionListener@2b2948e2]
Jul 05, 2017 2:36:01 AM org.springframework.test.context.support.DefaultTestContextBootstrapper instantiateListeners
INFO: Could not instantiate TestExecutionListener [org.springframework.test.context.web.ServletTestExecutionListener]. Specify custom listener classes or make the default listener classes (and their required dependencies) available. Offending class: [javax/servlet/ServletContext]
Jul 05, 2017 2:36:01 AM org.springframework.test.context.support.DefaultTestContextBootstrapper getTestExecutionListeners
INFO: Using TestExecutionListeners: [org.springframework.test.context.support.DependencyInjectionTestExecutionListener@57536d79, org.springframework.test.context.support.DirtiesContextTestExecutionListener@3b0143d3]
Jul 05, 2017 2:36:01 AM org.springframework.test.context.support.DefaultTestContextBootstrapper instantiateListeners
INFO: Could not instantiate TestExecutionListener [org.springframework.test.context.web.ServletTestExecutionListener]. Specify custom listener classes or make the default listener classes (and their required dependencies) available. Offending class: [javax/servlet/ServletContext]
Jul 05, 2017 2:36:01 AM org.springframework.test.context.support.DefaultTestContextBootstrapper getTestExecutionListeners
INFO: Using TestExecutionListeners: [org.springframework.test.context.support.DependencyInjectionTestExecutionListener@4b4523f8, org.springframework.test.context.support.DirtiesContextTestExecutionListener@731a74c]
</system-err>
  </testcase>
  <testcase classname="com.javacodegeeks.testng.selenium.TestNGSeleniumDependentMethodExample" name="springTestContextBeforeTestClass" time="8.764">
    <skipped/>
  </testcase>
  <testcase classname="com.javacodegeeks.testng.selenium.TestNGSeleniumDependentMethodExample" name="springTestContextPrepareTestInstance" time="8.764">
    <skipped/>
  </testcase>
  <testcase classname="com.javacodegeeks.testng.selenium.TestNGSeleniumDependentMethodExample" name="printBrowserUsed" time="8.764">
    <skipped/>
  </testcase>
  <testcase classname="com.javacodegeeks.testng.selenium.TestNGSeleniumDependentMethodExample" name="springTestContextBeforeTestMethod" time="8.764">
    <skipped/>
  </testcase>
  <testcase classname="com.javacodegeeks.testng.selenium.TestNGSeleniumDependentMethodExample" name="searchTestNGInJCG" time="0">
    <skipped/>
  </testcase>
  <testcase classname="com.javacodegeeks.testng.selenium.TestNGSeleniumSimpleSearchExample" name="searchTestNGInGoogle" time="0">
    <skipped/>
  </testcase>
  <testcase classname="com.javacodegeeks.testng.selenium.TestNGSeleniumDriverInjectionExample" name="springTestContextBeforeTestClass" time="0">
    <skipped/>
  </testcase>
  <testcase classname="com.javacodegeeks.testng.selenium.TestNGSeleniumDriverInjectionExample" name="springTestContextPrepareTestInstance" time="0">
    <skipped/>
  </testcase>
  <testcase classname="com.javacodegeeks.testng.selenium.TestNGSeleniumDriverInjectionExample" name="printBrowserUsed" time="0">
    <skipped/>
  </testcase>
  <testcase classname="com.javacodegeeks.testng.selenium.TestNGSeleniumDriverInjectionExample" name="springTestContextBeforeTestMethod" time="0">
    <skipped/>
  </testcase>
  <testcase classname="com.javacodegeeks.testng.selenium.TestNGSeleniumDriverInjectionExample" name="searchGoogle" time="0">
    <skipped/>
  </testcase>
  <testcase classname="com.javacodegeeks.testng.selenium.TestNGSeleniumDataDrivenSearchExample" name="springTestContextBeforeTestClass" time="0">
    <skipped/>
  </testcase>
  <testcase classname="com.javacodegeeks.testng.selenium.TestNGSeleniumDataDrivenSearchExample" name="springTestContextPrepareTestInstance" time="0">
    <skipped/>
  </testcase>
  <testcase classname="com.javacodegeeks.testng.selenium.TestNGSeleniumDataDrivenSearchExample" name="printBrowserUsed" time="0">
    <skipped/>
  </testcase>
  <testcase classname="com.javacodegeeks.testng.selenium.TestNGSeleniumDataDrivenSearchExample" name="springTestContextBeforeTestMethod" time="0.001">
    <skipped/>
  </testcase>
  <testcase classname="com.javacodegeeks.testng.selenium.TestNGSeleniumDataDrivenSearchExample" name="searchGoogle" time="0">
    <skipped/>
  </testcase>
  <testcase classname="com.javacodegeeks.testng.selenium.TestNGSeleniumDataDrivenSearchExample" name="springTestContextBeforeTestMethod" time="0.001">
    <skipped/>
  </testcase>
  <testcase classname="com.javacodegeeks.testng.selenium.TestNGSeleniumDataDrivenSearchExample" name="searchGoogle" time="0">
    <skipped/>
  </testcase>
  <testcase classname="com.javacodegeeks.testng.selenium.TestNGSeleniumBrowserCfgExample" name="searchGoogle" time="0">
    <skipped/>
  </testcase>
  <testcase classname="com.javacodegeeks.testng.selenium.TestNGSeleniumBrowserCfgExample" name="searchGoogle" time="0">
    <skipped/>
  </testcase>
  <testcase classname="com.javacodegeeks.testng.selenium.TestNGSeleniumDependentMethodExample" name="clickOnJCGTestNGArticle" time="0.001">
    <skipped/>
  </testcase>
  <testcase classname="com.javacodegeeks.testng.selenium.TestNGSeleniumBrowserCfgExample" name="quitDriver" time="0.002">
    <skipped/>
  </testcase>
  <testcase classname="com.javacodegeeks.testng.selenium.TestNGSeleniumDataDrivenSearchExample" name="quitDriver" time="0.028">
    <skipped/>
  </testcase>
  <testcase classname="com.javacodegeeks.testng.selenium.TestNGSeleniumDataDrivenSearchExample" name="quitDriver" time="0.028">
    <skipped/>
  </testcase>
  <testcase classname="com.javacodegeeks.testng.selenium.TestNGSeleniumDataDrivenSearchExample" name="quitDriver" time="0.028">
    <skipped/>
  </testcase>
  <testcase classname="com.javacodegeeks.testng.selenium.TestNGSeleniumDataDrivenSearchExample" name="quitDriver" time="0.028">
    <skipped/>
  </testcase>
</testsuite>